{"C:\\Users\\jonat\\Documents\\csce431\\github-setup-internet_censor_sprint_1\\extension\\parser.js": {"path":"C:\\Users\\jonat\\Documents\\csce431\\github-setup-internet_censor_sprint_1\\extension\\parser.js","statementMap":{"0":{"start":{"line":1,"column":21},"end":{"line":1,"column":44}},"1":{"start":{"line":8,"column":15},"end":{"line":12,"column":1}},"2":{"start":{"line":10,"column":4},"end":{"line":10,"column":28}},"3":{"start":{"line":13,"column":0},"end":{"line":13,"column":24}}},"fnMap":{"0":{"name":"parsePage","decl":{"start":{"line":9,"column":22},"end":{"line":9,"column":31}},"loc":{"start":{"line":9,"column":38},"end":{"line":11,"column":3}},"line":9}},"branchMap":{},"s":{"0":1,"1":1,"2":2,"3":1},"f":{"0":2},"b":{},"_coverageSchema":"1a1c01bbd47fc00a2c39e90264f33305004495a9","hash":"e0d598b857a8644426971f7da4f252b789bd39e1"}
}
